<?xml version="1.0" encoding="UTF-8"?>
<!-- Generated by org.testng.reporters.JUnitReportReporter -->
<testsuite skipped="0" hostname="pkadam-Per" name="jbehave.storyRunner" tests="1" failures="0" timestamp="2021-10-17T22:30:58 IST" time="22.275" errors="0">
  <testcase name="run" time="22.275" classname="jbehave.storyRunner"/>
  <system-out/>
</testsuite> <!-- jbehave.storyRunner -->
